2025-09-03 23:27:55,017 - app - INFO - No valid language names parsed from text for chat 999999: What's languages you prefer? Write 2 or 3 languages. [in C:\Users\annal\Documents\CopilotAgents\tbuddy_translation_TG-tool\app.py:192]
2025-09-03 23:27:55,028 - app - INFO - Persisting parsed language names for chat 999999: Write 2 languages: English, Russian, Polish [in C:\Users\annal\Documents\CopilotAgents\tbuddy_translation_TG-tool\app.py:196]
2025-09-03 23:27:55,036 - app - INFO - Persisting parsed language names for chat 999999: English, Russian, Polish [in C:\Users\annal\Documents\CopilotAgents\tbuddy_translation_TG-tool\app.py:196]
2025-09-03 23:27:55,069 - app - INFO - No valid language names parsed from text for chat 999999: Send your message and I'll translate it. [in C:\Users\annal\Documents\CopilotAgents\tbuddy_translation_TG-tool\app.py:192]
2025-09-03 23:31:07,667 - app - INFO - No valid language names parsed from text for chat 999999: What's languages you prefer? Write 2 or 3 languages. [in C:\Users\annal\Documents\CopilotAgents\tbuddy_translation_TG-tool\app.py:203]
2025-09-03 23:31:07,668 - app - INFO - Persisting parsed language names for chat 999999: English, Russian, Polish [in C:\Users\annal\Documents\CopilotAgents\tbuddy_translation_TG-tool\app.py:207]
2025-09-03 23:31:07,677 - app - INFO - Persisting parsed language names for chat 999999: English, Russian, Polish [in C:\Users\annal\Documents\CopilotAgents\tbuddy_translation_TG-tool\app.py:207]
2025-09-03 23:31:07,698 - app - INFO - No valid language names parsed from text for chat 999999: Send your message and I'll translate it. [in C:\Users\annal\Documents\CopilotAgents\tbuddy_translation_TG-tool\app.py:203]
2025-09-05 19:41:43,384 - app - INFO - Initialized TypingAnimation system [in C:\Users\annal\Documents\CopilotAgents\tbuddy_translation_TG-tool\app.py:94]
2025-09-05 19:41:43,385 - app - INFO - Enhanced features status: Access Control=True, Rate Limiting=True, Typing Animation=True, Performance Cache=True [in C:\Users\annal\Documents\CopilotAgents\tbuddy_translation_TG-tool\app.py:106]
2025-09-05 19:41:43,387 - app - INFO - Enhanced features cleanup completed [in C:\Users\annal\Documents\CopilotAgents\tbuddy_translation_TG-tool\app.py:1208]
2025-09-05 19:46:32,751 - app - INFO - Initialized TypingAnimation system [in C:\Users\annal\Documents\CopilotAgents\tbuddy_translation_TG-tool\app.py:94]
2025-09-05 19:46:32,752 - app - INFO - Enhanced features status: Access Control=True, Rate Limiting=True, Typing Animation=True, Performance Cache=True [in C:\Users\annal\Documents\CopilotAgents\tbuddy_translation_TG-tool\app.py:106]
2025-09-05 19:46:32,755 - app - INFO - Enhanced features cleanup completed [in C:\Users\annal\Documents\CopilotAgents\tbuddy_translation_TG-tool\app.py:1208]
2025-09-05 22:23:01,025 - app - INFO - SUCCESS: Parsed and persisting language names for chat edge_case_0: [ENGLISH, russian, JaPaNeSe] [in C:\Users\annal\Documents\CopilotAgents\tbuddy_translation_TG-tool\app.py:184]
2025-09-05 22:23:01,035 - app - INFO - SUCCESS: Parsed and persisting language names for chat edge_case_1: [English, Polish, Portuguese] [in C:\Users\annal\Documents\CopilotAgents\tbuddy_translation_TG-tool\app.py:184]
2025-09-05 22:23:01,044 - app - WARNING - No valid language names found after filtering: ['Now'] [in C:\Users\annal\Documents\CopilotAgents\tbuddy_translation_TG-tool\app.py:178]
2025-09-05 22:23:01,045 - app - INFO - SUCCESS: Parsed and persisting language names for chat edge_case_3: [Français, Español] [in C:\Users\annal\Documents\CopilotAgents\tbuddy_translation_TG-tool\app.py:184]
2025-09-05 22:23:01,073 - app - INFO - SUCCESS: Parsed and persisting language names for chat test_chat_0: [English, Polish, Portuguese] [in C:\Users\annal\Documents\CopilotAgents\tbuddy_translation_TG-tool\app.py:184]
2025-09-05 22:23:01,083 - app - WARNING - No valid language names found after filtering: ['can'] [in C:\Users\annal\Documents\CopilotAgents\tbuddy_translation_TG-tool\app.py:178]
2025-09-05 22:23:01,084 - app - WARNING - No valid language names found after filtering: ['Now'] [in C:\Users\annal\Documents\CopilotAgents\tbuddy_translation_TG-tool\app.py:178]
2025-09-05 22:23:01,084 - app - INFO - SUCCESS: Parsed and persisting language names for chat test_chat_3: [ready] [in C:\Users\annal\Documents\CopilotAgents\tbuddy_translation_TG-tool\app.py:184]
2025-09-05 22:23:01,093 - app - INFO - SUCCESS: Parsed and persisting language names for chat test_chat_4: [English, Spanish] [in C:\Users\annal\Documents\CopilotAgents\tbuddy_translation_TG-tool\app.py:184]
2025-09-05 22:23:01,122 - app - INFO - SUCCESS: Parsed and persisting language names for chat test_setup_tracking: [English, German] [in C:\Users\annal\Documents\CopilotAgents\tbuddy_translation_TG-tool\app.py:184]
2025-09-05 22:23:01,138 - app - INFO - SUCCESS: Parsed and persisting language names for chat fresh_user_001: [English, Polish, Portuguese] [in C:\Users\annal\Documents\CopilotAgents\tbuddy_translation_TG-tool\app.py:184]
2025-09-05 22:24:20,550 - app - INFO - SUCCESS: Parsed and persisting language names for chat test_setup_tracking: [English, German] [in C:\Users\annal\Documents\CopilotAgents\tbuddy_translation_TG-tool\app.py:204]
2025-09-05 22:24:38,403 - app - INFO - SUCCESS: Parsed and persisting language names for chat test_setup_tracking: [English, German] [in C:\Users\annal\Documents\CopilotAgents\tbuddy_translation_TG-tool\app.py:204]
2025-09-05 23:32:33,209 - app - WARNING - Could not extract language names from setup confirmation: Great! I can now translate French. [in C:\Users\annal\Documents\CopilotAgents\tbuddy_translation_TG-tool\app.py:182]
2025-09-05 23:32:33,477 - app - WARNING - Could not extract language names from setup confirmation: Setup is complete. Now we speak  [in C:\Users\annal\Documents\CopilotAgents\tbuddy_translation_TG-tool\app.py:182]
2025-09-05 23:32:33,477 - app - WARNING - Could not extract language names from setup confirmation: Setup is complete. Now we speak. [in C:\Users\annal\Documents\CopilotAgents\tbuddy_translation_TG-tool\app.py:182]
2025-09-05 23:32:33,478 - app - WARNING - Could not extract language names from setup confirmation: Perfect! Now I can help you with . [in C:\Users\annal\Documents\CopilotAgents\tbuddy_translation_TG-tool\app.py:182]
2025-09-05 23:32:33,488 - app - WARNING - Could not extract language names from setup confirmation: Perfect! Now I can help you with **English**, *Spanish*, French. [in C:\Users\annal\Documents\CopilotAgents\tbuddy_translation_TG-tool\app.py:182]
